{"/home/alexandredev/www/nodejs-tdd/src/app.js": {"path":"/home/alexandredev/www/nodejs-tdd/src/app.js","statementMap":{"0":{"start":{"line":1,"column":0},"end":{"line":1,"column":33}},"1":{"start":{"line":2,"column":0},"end":{"line":2,"column":0}},"2":{"start":{"line":3,"column":0},"end":{"line":3,"column":15}},"3":{"start":{"line":4,"column":0},"end":{"line":4,"column":63}},"4":{"start":{"line":5,"column":0},"end":{"line":5,"column":3}},"5":{"start":{"line":6,"column":0},"end":{"line":6,"column":0}},"6":{"start":{"line":7,"column":0},"end":{"line":7,"column":30}},"7":{"start":{"line":8,"column":0},"end":{"line":8,"column":30}},"8":{"start":{"line":9,"column":0},"end":{"line":9,"column":0}},"9":{"start":{"line":10,"column":0},"end":{"line":10,"column":21}},"10":{"start":{"line":11,"column":0},"end":{"line":11,"column":17}},"11":{"start":{"line":12,"column":0},"end":{"line":12,"column":25}},"12":{"start":{"line":13,"column":0},"end":{"line":13,"column":0}},"13":{"start":{"line":14,"column":0},"end":{"line":14,"column":23}},"14":{"start":{"line":15,"column":0},"end":{"line":15,"column":18}},"15":{"start":{"line":16,"column":0},"end":{"line":16,"column":3}},"16":{"start":{"line":17,"column":0},"end":{"line":17,"column":0}},"17":{"start":{"line":18,"column":0},"end":{"line":18,"column":17}},"18":{"start":{"line":19,"column":0},"end":{"line":19,"column":33}},"19":{"start":{"line":20,"column":0},"end":{"line":20,"column":3}},"20":{"start":{"line":21,"column":0},"end":{"line":21,"column":0}},"21":{"start":{"line":22,"column":0},"end":{"line":22,"column":12}},"22":{"start":{"line":23,"column":0},"end":{"line":23,"column":25}},"23":{"start":{"line":24,"column":0},"end":{"line":24,"column":3}},"24":{"start":{"line":25,"column":0},"end":{"line":25,"column":1}},"25":{"start":{"line":26,"column":0},"end":{"line":26,"column":0}},"26":{"start":{"line":27,"column":0},"end":{"line":27,"column":39}},"27":{"start":{"line":28,"column":0},"end":{"line":28,"column":66}}},"s":{"0":1,"1":1,"2":1,"3":1,"4":1,"5":1,"6":1,"7":1,"8":1,"9":1,"10":1,"11":1,"12":1,"13":1,"14":1,"15":1,"16":1,"17":1,"18":1,"19":1,"20":1,"21":1,"22":1,"23":1,"24":1,"25":1,"26":1,"27":1},"branchMap":{"0":{"type":"branch","line":28,"loc":{"start":{"line":28,"column":66},"end":{"line":28,"column":66}},"locations":[{"start":{"line":28,"column":66},"end":{"line":28,"column":66}}]},"1":{"type":"branch","line":4,"loc":{"start":{"line":4,"column":8},"end":{"line":4,"column":63}},"locations":[{"start":{"line":4,"column":8},"end":{"line":4,"column":63}}]},"2":{"type":"branch","line":28,"loc":{"start":{"line":28,"column":66},"end":{"line":28,"column":66}},"locations":[{"start":{"line":28,"column":66},"end":{"line":28,"column":66}}]},"3":{"type":"branch","line":28,"loc":{"start":{"line":28,"column":66},"end":{"line":28,"column":66}},"locations":[{"start":{"line":28,"column":66},"end":{"line":28,"column":66}}]},"4":{"type":"branch","line":28,"loc":{"start":{"line":28,"column":66},"end":{"line":28,"column":66}},"locations":[{"start":{"line":28,"column":66},"end":{"line":28,"column":66}}]},"5":{"type":"branch","line":11,"loc":{"start":{"line":11,"column":2},"end":{"line":16,"column":3}},"locations":[{"start":{"line":11,"column":2},"end":{"line":16,"column":3}}]},"6":{"type":"branch","line":18,"loc":{"start":{"line":18,"column":2},"end":{"line":20,"column":3}},"locations":[{"start":{"line":18,"column":2},"end":{"line":20,"column":3}}]},"7":{"type":"branch","line":22,"loc":{"start":{"line":22,"column":2},"end":{"line":24,"column":3}},"locations":[{"start":{"line":22,"column":2},"end":{"line":24,"column":3}}]}},"b":{"0":[1],"1":[0],"2":[2],"3":[1],"4":[1],"5":[1],"6":[1],"7":[1]},"fnMap":{"0":{"name":"_interopRequireDefault","decl":{"start":{"line":28,"column":66},"end":{"line":28,"column":66}},"loc":{"start":{"line":28,"column":66},"end":{"line":28,"column":66}},"line":28},"1":{"name":"AppController","decl":{"start":{"line":11,"column":2},"end":{"line":16,"column":3}},"loc":{"start":{"line":11,"column":2},"end":{"line":16,"column":3}},"line":11},"2":{"name":"middlewares","decl":{"start":{"line":18,"column":2},"end":{"line":20,"column":3}},"loc":{"start":{"line":18,"column":2},"end":{"line":20,"column":3}},"line":18},"3":{"name":"routes","decl":{"start":{"line":22,"column":2},"end":{"line":24,"column":3}},"loc":{"start":{"line":22,"column":2},"end":{"line":24,"column":3}},"line":22}},"f":{"0":2,"1":1,"2":1,"3":1}}
,"/home/alexandredev/www/nodejs-tdd/src/routes.js": {"path":"/home/alexandredev/www/nodejs-tdd/src/routes.js","statementMap":{"0":{"start":{"line":1,"column":0},"end":{"line":1,"column":33}},"1":{"start":{"line":2,"column":0},"end":{"line":2,"column":0}},"2":{"start":{"line":3,"column":0},"end":{"line":3,"column":24}},"3":{"start":{"line":4,"column":0},"end":{"line":4,"column":0}},"4":{"start":{"line":5,"column":0},"end":{"line":5,"column":50}},"5":{"start":{"line":6,"column":0},"end":{"line":6,"column":0}},"6":{"start":{"line":7,"column":0},"end":{"line":7,"column":68}},"7":{"start":{"line":8,"column":0},"end":{"line":8,"column":72}},"8":{"start":{"line":9,"column":0},"end":{"line":9,"column":0}},"9":{"start":{"line":10,"column":0},"end":{"line":10,"column":50}},"10":{"start":{"line":11,"column":0},"end":{"line":11,"column":0}},"11":{"start":{"line":12,"column":0},"end":{"line":12,"column":54}},"12":{"start":{"line":13,"column":0},"end":{"line":13,"column":0}},"13":{"start":{"line":14,"column":0},"end":{"line":14,"column":22}},"14":{"start":{"line":15,"column":0},"end":{"line":15,"column":50}},"15":{"start":{"line":16,"column":0},"end":{"line":16,"column":0}},"16":{"start":{"line":17,"column":0},"end":{"line":17,"column":26}},"17":{"start":{"line":18,"column":0},"end":{"line":18,"column":0}},"18":{"start":{"line":19,"column":0},"end":{"line":19,"column":52}},"19":{"start":{"line":20,"column":0},"end":{"line":20,"column":0}},"20":{"start":{"line":21,"column":0},"end":{"line":21,"column":22}}},"s":{"0":1,"1":1,"2":1,"3":1,"4":1,"5":1,"6":1,"7":1,"8":1,"9":1,"10":1,"11":1,"12":1,"13":1,"14":1,"15":1,"16":1,"17":1,"18":1,"19":1,"20":1},"branchMap":{"0":{"type":"branch","line":21,"loc":{"start":{"line":21,"column":22},"end":{"line":21,"column":22}},"locations":[{"start":{"line":21,"column":22},"end":{"line":21,"column":22}}]},"1":{"type":"branch","line":21,"loc":{"start":{"line":21,"column":22},"end":{"line":21,"column":22}},"locations":[{"start":{"line":21,"column":22},"end":{"line":21,"column":22}}]},"2":{"type":"branch","line":21,"loc":{"start":{"line":21,"column":22},"end":{"line":21,"column":22}},"locations":[{"start":{"line":21,"column":22},"end":{"line":21,"column":22}}]}},"b":{"0":[1],"1":[3],"2":[0]},"fnMap":{"0":{"name":"_interopRequireDefault","decl":{"start":{"line":21,"column":22},"end":{"line":21,"column":22}},"loc":{"start":{"line":21,"column":22},"end":{"line":21,"column":22}},"line":21}},"f":{"0":3}}
,"/home/alexandredev/www/nodejs-tdd/src/server.js": {"path":"/home/alexandredev/www/nodejs-tdd/src/server.js","statementMap":{"0":{"start":{"line":1,"column":0},"end":{"line":1,"column":24}},"1":{"start":{"line":2,"column":0},"end":{"line":2,"column":0}},"2":{"start":{"line":3,"column":0},"end":{"line":3,"column":44}},"3":{"start":{"line":4,"column":0},"end":{"line":4,"column":41}},"4":{"start":{"line":5,"column":0},"end":{"line":5,"column":3}}},"s":{"0":0,"1":0,"2":0,"3":0,"4":0},"branchMap":{"0":{"type":"branch","line":1,"loc":{"start":{"line":1,"column":0},"end":{"line":5,"column":3}},"locations":[{"start":{"line":1,"column":0},"end":{"line":5,"column":3}}]}},"b":{"0":[0]},"fnMap":{"0":{"name":"(empty-report)","decl":{"start":{"line":1,"column":0},"end":{"line":5,"column":3}},"loc":{"start":{"line":1,"column":0},"end":{"line":5,"column":3}},"line":1}},"f":{"0":0}}
,"/home/alexandredev/www/nodejs-tdd/src/app/controllers/DashboardController.js": {"path":"/home/alexandredev/www/nodejs-tdd/src/app/controllers/DashboardController.js","statementMap":{"0":{"start":{"line":1,"column":0},"end":{"line":1,"column":27}},"1":{"start":{"line":2,"column":0},"end":{"line":2,"column":34}},"2":{"start":{"line":3,"column":0},"end":{"line":3,"column":39}},"3":{"start":{"line":4,"column":0},"end":{"line":4,"column":3}},"4":{"start":{"line":5,"column":0},"end":{"line":5,"column":1}},"5":{"start":{"line":6,"column":0},"end":{"line":6,"column":0}},"6":{"start":{"line":7,"column":0},"end":{"line":7,"column":35}}},"s":{"0":1,"1":1,"2":1,"3":0,"4":1,"5":1,"6":1},"branchMap":{"0":{"type":"branch","line":7,"loc":{"start":{"line":7,"column":35},"end":{"line":7,"column":35}},"locations":[{"start":{"line":7,"column":35},"end":{"line":7,"column":35}}]},"1":{"type":"branch","line":2,"loc":{"start":{"line":2,"column":2},"end":{"line":4,"column":3}},"locations":[{"start":{"line":2,"column":2},"end":{"line":4,"column":3}}]},"2":{"type":"branch","line":3,"loc":{"start":{"line":3,"column":4},"end":{"line":4,"column":3}},"locations":[{"start":{"line":3,"column":4},"end":{"line":4,"column":3}}]}},"b":{"0":[1],"1":[1],"2":[0]},"fnMap":{"0":{"name":"index","decl":{"start":{"line":2,"column":2},"end":{"line":4,"column":3}},"loc":{"start":{"line":2,"column":2},"end":{"line":4,"column":3}},"line":2}},"f":{"0":1}}
,"/home/alexandredev/www/nodejs-tdd/src/app/controllers/SessionController.js": {"path":"/home/alexandredev/www/nodejs-tdd/src/app/controllers/SessionController.js","statementMap":{"0":{"start":{"line":1,"column":0},"end":{"line":1,"column":33}},"1":{"start":{"line":2,"column":0},"end":{"line":2,"column":0}},"2":{"start":{"line":3,"column":0},"end":{"line":3,"column":25}},"3":{"start":{"line":4,"column":0},"end":{"line":4,"column":34}},"4":{"start":{"line":5,"column":0},"end":{"line":5,"column":45}},"5":{"start":{"line":6,"column":0},"end":{"line":6,"column":0}},"6":{"start":{"line":7,"column":0},"end":{"line":7,"column":58}},"7":{"start":{"line":8,"column":0},"end":{"line":8,"column":0}},"8":{"start":{"line":9,"column":0},"end":{"line":9,"column":16}},"9":{"start":{"line":10,"column":0},"end":{"line":10,"column":69}},"10":{"start":{"line":11,"column":0},"end":{"line":11,"column":5}},"11":{"start":{"line":12,"column":0},"end":{"line":12,"column":0}},"12":{"start":{"line":13,"column":0},"end":{"line":13,"column":48}},"13":{"start":{"line":14,"column":0},"end":{"line":14,"column":72}},"14":{"start":{"line":15,"column":0},"end":{"line":15,"column":5}},"15":{"start":{"line":16,"column":0},"end":{"line":16,"column":0}},"16":{"start":{"line":17,"column":0},"end":{"line":17,"column":64}},"17":{"start":{"line":18,"column":0},"end":{"line":18,"column":3}},"18":{"start":{"line":19,"column":0},"end":{"line":19,"column":1}},"19":{"start":{"line":20,"column":0},"end":{"line":20,"column":0}},"20":{"start":{"line":21,"column":0},"end":{"line":21,"column":33}}},"s":{"0":1,"1":1,"2":1,"3":1,"4":3,"5":3,"6":3,"7":3,"8":3,"9":0,"10":0,"11":3,"12":3,"13":1,"14":1,"15":2,"16":3,"17":0,"18":1,"19":1,"20":1},"branchMap":{"0":{"type":"branch","line":21,"loc":{"start":{"line":21,"column":33},"end":{"line":21,"column":33}},"locations":[{"start":{"line":21,"column":33},"end":{"line":21,"column":33}}]},"1":{"type":"branch","line":4,"loc":{"start":{"line":4,"column":2},"end":{"line":18,"column":3}},"locations":[{"start":{"line":4,"column":2},"end":{"line":18,"column":3}}]},"2":{"type":"branch","line":9,"loc":{"start":{"line":9,"column":15},"end":{"line":11,"column":5}},"locations":[{"start":{"line":9,"column":15},"end":{"line":11,"column":5}}]},"3":{"type":"branch","line":13,"loc":{"start":{"line":13,"column":47},"end":{"line":15,"column":5}},"locations":[{"start":{"line":13,"column":47},"end":{"line":15,"column":5}}]},"4":{"type":"branch","line":15,"loc":{"start":{"line":15,"column":5},"end":{"line":17,"column":11}},"locations":[{"start":{"line":15,"column":5},"end":{"line":17,"column":11}}]},"5":{"type":"branch","line":17,"loc":{"start":{"line":17,"column":4},"end":{"line":18,"column":3}},"locations":[{"start":{"line":17,"column":4},"end":{"line":18,"column":3}}]}},"b":{"0":[1],"1":[3],"2":[0],"3":[1],"4":[2],"5":[0]},"fnMap":{"0":{"name":"store","decl":{"start":{"line":4,"column":2},"end":{"line":18,"column":3}},"loc":{"start":{"line":4,"column":2},"end":{"line":18,"column":3}},"line":4}},"f":{"0":3}}
,"/home/alexandredev/www/nodejs-tdd/src/app/middleware/auth.js": {"path":"/home/alexandredev/www/nodejs-tdd/src/app/middleware/auth.js","statementMap":{"0":{"start":{"line":1,"column":0},"end":{"line":1,"column":31}},"1":{"start":{"line":2,"column":0},"end":{"line":2,"column":33}},"2":{"start":{"line":3,"column":0},"end":{"line":3,"column":70}},"3":{"start":{"line":4,"column":0},"end":{"line":4,"column":0}},"4":{"start":{"line":5,"column":0},"end":{"line":5,"column":51}},"5":{"start":{"line":6,"column":0},"end":{"line":6,"column":51}},"6":{"start":{"line":7,"column":0},"end":{"line":7,"column":63}},"7":{"start":{"line":8,"column":0},"end":{"line":8,"column":0}},"8":{"start":{"line":9,"column":0},"end":{"line":9,"column":20}},"9":{"start":{"line":10,"column":0},"end":{"line":10,"column":70}},"10":{"start":{"line":11,"column":0},"end":{"line":11,"column":3}},"11":{"start":{"line":12,"column":0},"end":{"line":12,"column":0}},"12":{"start":{"line":13,"column":0},"end":{"line":13,"column":43}},"13":{"start":{"line":14,"column":0},"end":{"line":14,"column":78}},"14":{"start":{"line":15,"column":0},"end":{"line":15,"column":0}},"15":{"start":{"line":16,"column":0},"end":{"line":16,"column":7}},"16":{"start":{"line":17,"column":0},"end":{"line":17,"column":79}},"17":{"start":{"line":18,"column":0},"end":{"line":18,"column":0}},"18":{"start":{"line":19,"column":0},"end":{"line":19,"column":28}},"19":{"start":{"line":20,"column":0},"end":{"line":20,"column":75}},"20":{"start":{"line":21,"column":0},"end":{"line":21,"column":77}},"21":{"start":{"line":22,"column":0},"end":{"line":22,"column":33}},"22":{"start":{"line":23,"column":0},"end":{"line":23,"column":6}},"23":{"start":{"line":24,"column":0},"end":{"line":24,"column":0}},"24":{"start":{"line":25,"column":0},"end":{"line":25,"column":18}},"25":{"start":{"line":26,"column":0},"end":{"line":26,"column":17}},"26":{"start":{"line":27,"column":0},"end":{"line":27,"column":70}},"27":{"start":{"line":28,"column":0},"end":{"line":28,"column":3}},"28":{"start":{"line":29,"column":0},"end":{"line":29,"column":2}}},"s":{"0":1,"1":1,"2":1,"3":1,"4":1,"5":1,"6":1,"7":1,"8":1,"9":1,"10":1,"11":2,"12":2,"13":2,"14":2,"15":2,"16":1,"17":1,"18":1,"19":1,"20":1,"21":1,"22":1,"23":1,"24":1,"25":1,"26":1,"27":1,"28":1},"branchMap":{"0":{"type":"branch","line":29,"loc":{"start":{"line":29,"column":2},"end":{"line":29,"column":2}},"locations":[{"start":{"line":29,"column":2},"end":{"line":29,"column":2}}]},"1":{"type":"branch","line":29,"loc":{"start":{"line":29,"column":2},"end":{"line":29,"column":2}},"locations":[{"start":{"line":29,"column":2},"end":{"line":29,"column":2}}]},"2":{"type":"branch","line":29,"loc":{"start":{"line":29,"column":2},"end":{"line":29,"column":2}},"locations":[{"start":{"line":29,"column":2},"end":{"line":29,"column":2}}]},"3":{"type":"branch","line":29,"loc":{"start":{"line":29,"column":2},"end":{"line":29,"column":2}},"locations":[{"start":{"line":29,"column":2},"end":{"line":29,"column":2}}]},"4":{"type":"branch","line":9,"loc":{"start":{"line":9,"column":19},"end":{"line":11,"column":3}},"locations":[{"start":{"line":9,"column":19},"end":{"line":11,"column":3}}]},"5":{"type":"branch","line":11,"loc":{"start":{"line":11,"column":3},"end":{"line":17,"column":10}},"locations":[{"start":{"line":11,"column":3},"end":{"line":17,"column":10}}]},"6":{"type":"branch","line":17,"loc":{"start":{"line":17,"column":4},"end":{"line":26,"column":4}},"locations":[{"start":{"line":17,"column":4},"end":{"line":26,"column":4}}]},"7":{"type":"branch","line":16,"loc":{"start":{"line":16,"column":2},"end":{"line":16,"column":6}},"locations":[{"start":{"line":16,"column":2},"end":{"line":16,"column":6}}]},"8":{"type":"branch","line":26,"loc":{"start":{"line":26,"column":4},"end":{"line":28,"column":3}},"locations":[{"start":{"line":26,"column":4},"end":{"line":28,"column":3}}]},"9":{"type":"branch","line":29,"loc":{"start":{"line":29,"column":2},"end":{"line":29,"column":2}},"locations":[{"start":{"line":29,"column":2},"end":{"line":29,"column":2}}]}},"b":{"0":[1],"1":[1],"2":[0],"3":[3],"4":[1],"5":[2],"6":[1],"7":[0],"8":[1],"9":[0]},"fnMap":{"0":{"name":"_interopRequireDefault","decl":{"start":{"line":29,"column":2},"end":{"line":29,"column":2}},"loc":{"start":{"line":29,"column":2},"end":{"line":29,"column":2}},"line":29},"1":{"name":"_default","decl":{"start":{"line":29,"column":2},"end":{"line":29,"column":2}},"loc":{"start":{"line":29,"column":2},"end":{"line":29,"column":2}},"line":29}},"f":{"0":1,"1":3}}
,"/home/alexandredev/www/nodejs-tdd/src/app/models/User.js": {"path":"/home/alexandredev/www/nodejs-tdd/src/app/models/User.js","statementMap":{"0":{"start":{"line":1,"column":0},"end":{"line":1,"column":30}},"1":{"start":{"line":2,"column":0},"end":{"line":2,"column":31}},"2":{"start":{"line":3,"column":0},"end":{"line":3,"column":0}},"3":{"start":{"line":4,"column":0},"end":{"line":4,"column":44}},"4":{"start":{"line":5,"column":0},"end":{"line":5,"column":32}},"5":{"start":{"line":6,"column":0},"end":{"line":6,"column":11}},"6":{"start":{"line":7,"column":0},"end":{"line":7,"column":5}},"7":{"start":{"line":8,"column":0},"end":{"line":8,"column":29}},"8":{"start":{"line":9,"column":0},"end":{"line":9,"column":30}},"9":{"start":{"line":10,"column":0},"end":{"line":10,"column":34}},"10":{"start":{"line":11,"column":0},"end":{"line":11,"column":38}},"11":{"start":{"line":12,"column":0},"end":{"line":12,"column":6}},"12":{"start":{"line":13,"column":0},"end":{"line":13,"column":5}},"13":{"start":{"line":14,"column":0},"end":{"line":14,"column":14}},"14":{"start":{"line":15,"column":0},"end":{"line":15,"column":37}},"15":{"start":{"line":16,"column":0},"end":{"line":16,"column":30}},"16":{"start":{"line":17,"column":0},"end":{"line":17,"column":69}},"17":{"start":{"line":18,"column":0},"end":{"line":18,"column":11}},"18":{"start":{"line":19,"column":0},"end":{"line":19,"column":10}},"19":{"start":{"line":20,"column":0},"end":{"line":20,"column":8}},"20":{"start":{"line":21,"column":0},"end":{"line":21,"column":5}},"21":{"start":{"line":22,"column":0},"end":{"line":22,"column":4}},"22":{"start":{"line":23,"column":0},"end":{"line":23,"column":27}},"23":{"start":{"line":24,"column":0},"end":{"line":24,"column":0}},"24":{"start":{"line":25,"column":0},"end":{"line":25,"column":54}},"25":{"start":{"line":26,"column":0},"end":{"line":26,"column":56}},"26":{"start":{"line":27,"column":0},"end":{"line":27,"column":72}},"27":{"start":{"line":28,"column":0},"end":{"line":28,"column":4}},"28":{"start":{"line":29,"column":0},"end":{"line":29,"column":67}},"29":{"start":{"line":30,"column":0},"end":{"line":30,"column":82}},"30":{"start":{"line":31,"column":0},"end":{"line":31,"column":104}},"31":{"start":{"line":32,"column":0},"end":{"line":32,"column":0}},"32":{"start":{"line":33,"column":0},"end":{"line":33,"column":46}},"33":{"start":{"line":34,"column":0},"end":{"line":34,"column":61}},"34":{"start":{"line":35,"column":0},"end":{"line":35,"column":68}},"35":{"start":{"line":36,"column":0},"end":{"line":36,"column":122}},"36":{"start":{"line":37,"column":0},"end":{"line":37,"column":4}},"37":{"start":{"line":38,"column":0},"end":{"line":38,"column":0}},"38":{"start":{"line":39,"column":0},"end":{"line":39,"column":14}},"39":{"start":{"line":40,"column":0},"end":{"line":40,"column":2}}},"s":{"0":1,"1":1,"2":1,"3":1,"4":1,"5":1,"6":1,"7":1,"8":1,"9":1,"10":1,"11":1,"12":1,"13":1,"14":1,"15":6,"16":6,"17":6,"18":6,"19":1,"20":1,"21":1,"22":1,"23":1,"24":1,"25":3,"26":3,"27":3,"28":1,"29":1,"30":1,"31":1,"32":1,"33":3,"34":3,"35":3,"36":3,"37":1,"38":1,"39":1},"branchMap":{"0":{"type":"branch","line":40,"loc":{"start":{"line":40,"column":2},"end":{"line":40,"column":2}},"locations":[{"start":{"line":40,"column":2},"end":{"line":40,"column":2}}]},"1":{"type":"branch","line":40,"loc":{"start":{"line":40,"column":2},"end":{"line":40,"column":2}},"locations":[{"start":{"line":40,"column":2},"end":{"line":40,"column":2}}]},"2":{"type":"branch","line":40,"loc":{"start":{"line":40,"column":2},"end":{"line":40,"column":2}},"locations":[{"start":{"line":40,"column":2},"end":{"line":40,"column":2}}]},"3":{"type":"branch","line":4,"loc":{"start":{"line":4,"column":17},"end":{"line":4,"column":6}},"locations":[{"start":{"line":4,"column":17},"end":{"line":4,"column":6}}]},"4":{"type":"branch","line":15,"loc":{"start":{"line":15,"column":20},"end":{"line":19,"column":10}},"locations":[{"start":{"line":15,"column":20},"end":{"line":19,"column":10}}]},"5":{"type":"branch","line":25,"loc":{"start":{"line":25,"column":33},"end":{"line":28,"column":4}},"locations":[{"start":{"line":25,"column":33},"end":{"line":28,"column":4}}]},"6":{"type":"branch","line":33,"loc":{"start":{"line":33,"column":33},"end":{"line":37,"column":4}},"locations":[{"start":{"line":33,"column":33},"end":{"line":37,"column":4}}]}},"b":{"0":[2],"1":[4],"2":[0],"3":[2],"4":[6],"5":[3],"6":[3]},"fnMap":{"0":{"name":"_interopRequireDefault","decl":{"start":{"line":40,"column":2},"end":{"line":40,"column":2}},"loc":{"start":{"line":40,"column":2},"end":{"line":40,"column":2}},"line":40},"1":{"name":"module.exports","decl":{"start":{"line":4,"column":17},"end":{"line":4,"column":6}},"loc":{"start":{"line":4,"column":17},"end":{"line":4,"column":6}},"line":4},"2":{"name":"beforeSave","decl":{"start":{"line":15,"column":20},"end":{"line":19,"column":10}},"loc":{"start":{"line":15,"column":20},"end":{"line":19,"column":10}},"line":15},"3":{"name":"User.checkPassword","decl":{"start":{"line":25,"column":33},"end":{"line":28,"column":4}},"loc":{"start":{"line":25,"column":33},"end":{"line":28,"column":4}},"line":25},"4":{"name":"User.generateToken","decl":{"start":{"line":33,"column":33},"end":{"line":37,"column":4}},"loc":{"start":{"line":33,"column":33},"end":{"line":37,"column":4}},"line":33}},"f":{"0":4,"1":2,"2":6,"3":3,"4":3}}
,"/home/alexandredev/www/nodejs-tdd/src/app/models/index.js": {"path":"/home/alexandredev/www/nodejs-tdd/src/app/models/index.js","statementMap":{"0":{"start":{"line":1,"column":0},"end":{"line":1,"column":13}},"1":{"start":{"line":2,"column":0},"end":{"line":2,"column":0}},"2":{"start":{"line":3,"column":0},"end":{"line":3,"column":25}},"3":{"start":{"line":4,"column":0},"end":{"line":4,"column":29}},"4":{"start":{"line":5,"column":0},"end":{"line":5,"column":39}},"5":{"start":{"line":6,"column":0},"end":{"line":6,"column":43}},"6":{"start":{"line":7,"column":0},"end":{"line":7,"column":48}},"7":{"start":{"line":8,"column":0},"end":{"line":8,"column":14}},"8":{"start":{"line":9,"column":0},"end":{"line":9,"column":0}},"9":{"start":{"line":10,"column":0},"end":{"line":10,"column":32}},"10":{"start":{"line":11,"column":0},"end":{"line":11,"column":18}},"11":{"start":{"line":12,"column":0},"end":{"line":12,"column":18}},"12":{"start":{"line":13,"column":0},"end":{"line":13,"column":18}},"13":{"start":{"line":14,"column":0},"end":{"line":14,"column":8}},"14":{"start":{"line":15,"column":0},"end":{"line":15,"column":2}},"15":{"start":{"line":16,"column":0},"end":{"line":16,"column":77}},"16":{"start":{"line":17,"column":0},"end":{"line":17,"column":83}},"17":{"start":{"line":18,"column":0},"end":{"line":18,"column":0}},"18":{"start":{"line":19,"column":0},"end":{"line":19,"column":25}},"19":{"start":{"line":20,"column":0},"end":{"line":20,"column":21}},"20":{"start":{"line":21,"column":0},"end":{"line":21,"column":12}},"21":{"start":{"line":22,"column":0},"end":{"line":22,"column":78}},"22":{"start":{"line":23,"column":0},"end":{"line":23,"column":6}},"23":{"start":{"line":24,"column":0},"end":{"line":24,"column":4}},"24":{"start":{"line":25,"column":0},"end":{"line":25,"column":22}},"25":{"start":{"line":26,"column":0},"end":{"line":26,"column":54}},"26":{"start":{"line":27,"column":0},"end":{"line":27,"column":16}},"27":{"start":{"line":28,"column":0},"end":{"line":28,"column":25}},"28":{"start":{"line":29,"column":0},"end":{"line":29,"column":6}},"29":{"start":{"line":30,"column":0},"end":{"line":30,"column":27}},"30":{"start":{"line":31,"column":0},"end":{"line":31,"column":5}},"31":{"start":{"line":32,"column":0},"end":{"line":32,"column":0}},"32":{"start":{"line":33,"column":0},"end":{"line":33,"column":40}},"33":{"start":{"line":34,"column":0},"end":{"line":34,"column":32}},"34":{"start":{"line":35,"column":0},"end":{"line":35,"column":32}},"35":{"start":{"line":36,"column":0},"end":{"line":36,"column":3}},"36":{"start":{"line":37,"column":0},"end":{"line":37,"column":3}},"37":{"start":{"line":38,"column":0},"end":{"line":38,"column":0}},"38":{"start":{"line":39,"column":0},"end":{"line":39,"column":25}},"39":{"start":{"line":40,"column":0},"end":{"line":40,"column":25}},"40":{"start":{"line":41,"column":0},"end":{"line":41,"column":0}},"41":{"start":{"line":42,"column":0},"end":{"line":42,"column":20}}},"s":{"0":1,"1":1,"2":1,"3":1,"4":1,"5":1,"6":1,"7":1,"8":1,"9":1,"10":1,"11":1,"12":1,"13":1,"14":1,"15":1,"16":1,"17":1,"18":1,"19":1,"20":1,"21":1,"22":1,"23":1,"24":1,"25":1,"26":1,"27":1,"28":1,"29":1,"30":1,"31":1,"32":1,"33":1,"34":0,"35":0,"36":1,"37":1,"38":1,"39":1,"40":1,"41":1},"branchMap":{"0":{"type":"branch","line":42,"loc":{"start":{"line":42,"column":20},"end":{"line":42,"column":20}},"locations":[{"start":{"line":42,"column":20},"end":{"line":42,"column":20}}]},"1":{"type":"branch","line":22,"loc":{"start":{"line":22,"column":6},"end":{"line":22,"column":78}},"locations":[{"start":{"line":22,"column":6},"end":{"line":22,"column":78}}]},"2":{"type":"branch","line":33,"loc":{"start":{"line":33,"column":25},"end":{"line":33,"column":6}},"locations":[{"start":{"line":33,"column":25},"end":{"line":33,"column":6}}]},"3":{"type":"branch","line":34,"loc":{"start":{"line":34,"column":31},"end":{"line":36,"column":3}},"locations":[{"start":{"line":34,"column":31},"end":{"line":36,"column":3}}]}},"b":{"0":[2],"1":[2],"2":[2],"3":[0]},"fnMap":{},"f":{}}
,"/home/alexandredev/www/nodejs-tdd/src/config/database.js": {"path":"/home/alexandredev/www/nodejs-tdd/src/config/database.js","statementMap":{"0":{"start":{"line":1,"column":0},"end":{"line":1,"column":26}},"1":{"start":{"line":2,"column":0},"end":{"line":2,"column":63}},"2":{"start":{"line":3,"column":0},"end":{"line":3,"column":3}},"3":{"start":{"line":4,"column":0},"end":{"line":4,"column":0}},"4":{"start":{"line":5,"column":0},"end":{"line":5,"column":18}},"5":{"start":{"line":6,"column":0},"end":{"line":6,"column":28}},"6":{"start":{"line":7,"column":0},"end":{"line":7,"column":32}},"7":{"start":{"line":8,"column":0},"end":{"line":8,"column":29}},"8":{"start":{"line":9,"column":0},"end":{"line":9,"column":32}},"9":{"start":{"line":10,"column":0},"end":{"line":10,"column":48}},"10":{"start":{"line":11,"column":0},"end":{"line":11,"column":41}},"11":{"start":{"line":12,"column":0},"end":{"line":12,"column":26}},"12":{"start":{"line":13,"column":0},"end":{"line":13,"column":17}},"13":{"start":{"line":14,"column":0},"end":{"line":14,"column":11}},"14":{"start":{"line":15,"column":0},"end":{"line":15,"column":21}},"15":{"start":{"line":16,"column":0},"end":{"line":16,"column":22}},"16":{"start":{"line":17,"column":0},"end":{"line":17,"column":25}},"17":{"start":{"line":18,"column":0},"end":{"line":18,"column":4}},"18":{"start":{"line":19,"column":0},"end":{"line":19,"column":2}},"19":{"start":{"line":20,"column":0},"end":{"line":20,"column":64}},"20":{"start":{"line":21,"column":0},"end":{"line":21,"column":48}},"21":{"start":{"line":22,"column":0},"end":{"line":22,"column":81}}},"s":{"0":1,"1":1,"2":1,"3":1,"4":1,"5":1,"6":1,"7":1,"8":1,"9":1,"10":1,"11":1,"12":1,"13":1,"14":1,"15":1,"16":1,"17":1,"18":1,"19":1,"20":1,"21":1},"branchMap":{"0":{"type":"branch","line":22,"loc":{"start":{"line":22,"column":81},"end":{"line":22,"column":81}},"locations":[{"start":{"line":22,"column":81},"end":{"line":22,"column":81}}]},"1":{"type":"branch","line":2,"loc":{"start":{"line":2,"column":8},"end":{"line":2,"column":63}},"locations":[{"start":{"line":2,"column":8},"end":{"line":2,"column":63}}]},"2":{"type":"branch","line":10,"loc":{"start":{"line":10,"column":11},"end":{"line":10,"column":48}},"locations":[{"start":{"line":10,"column":11},"end":{"line":10,"column":48}}]}},"b":{"0":[2],"1":[0],"2":[0]},"fnMap":{},"f":{}}
,"/home/alexandredev/www/nodejs-tdd/src/database/migrations/20200726191257-create-users.js": {"path":"/home/alexandredev/www/nodejs-tdd/src/database/migrations/20200726191257-create-users.js","statementMap":{"0":{"start":{"line":1,"column":0},"end":{"line":1,"column":13}},"1":{"start":{"line":2,"column":0},"end":{"line":2,"column":0}},"2":{"start":{"line":3,"column":0},"end":{"line":3,"column":18}},"3":{"start":{"line":4,"column":0},"end":{"line":4,"column":44}},"4":{"start":{"line":5,"column":0},"end":{"line":5,"column":48}},"5":{"start":{"line":6,"column":0},"end":{"line":6,"column":11}},"6":{"start":{"line":7,"column":0},"end":{"line":7,"column":32}},"7":{"start":{"line":8,"column":0},"end":{"line":8,"column":25}},"8":{"start":{"line":9,"column":0},"end":{"line":9,"column":28}},"9":{"start":{"line":10,"column":0},"end":{"line":10,"column":24}},"10":{"start":{"line":11,"column":0},"end":{"line":11,"column":8}},"11":{"start":{"line":12,"column":0},"end":{"line":12,"column":13}},"12":{"start":{"line":13,"column":0},"end":{"line":13,"column":31}},"13":{"start":{"line":14,"column":0},"end":{"line":14,"column":24}},"14":{"start":{"line":15,"column":0},"end":{"line":15,"column":8}},"15":{"start":{"line":16,"column":0},"end":{"line":16,"column":14}},"16":{"start":{"line":17,"column":0},"end":{"line":17,"column":31}},"17":{"start":{"line":18,"column":0},"end":{"line":18,"column":21}},"18":{"start":{"line":19,"column":0},"end":{"line":19,"column":24}},"19":{"start":{"line":20,"column":0},"end":{"line":20,"column":8}},"20":{"start":{"line":21,"column":0},"end":{"line":21,"column":22}},"21":{"start":{"line":22,"column":0},"end":{"line":22,"column":31}},"22":{"start":{"line":23,"column":0},"end":{"line":23,"column":24}},"23":{"start":{"line":24,"column":0},"end":{"line":24,"column":8}},"24":{"start":{"line":25,"column":0},"end":{"line":25,"column":19}},"25":{"start":{"line":26,"column":0},"end":{"line":26,"column":29}},"26":{"start":{"line":27,"column":0},"end":{"line":27,"column":24}},"27":{"start":{"line":28,"column":0},"end":{"line":28,"column":8}},"28":{"start":{"line":29,"column":0},"end":{"line":29,"column":19}},"29":{"start":{"line":30,"column":0},"end":{"line":30,"column":29}},"30":{"start":{"line":31,"column":0},"end":{"line":31,"column":24}},"31":{"start":{"line":32,"column":0},"end":{"line":32,"column":7}},"32":{"start":{"line":33,"column":0},"end":{"line":33,"column":7}},"33":{"start":{"line":34,"column":0},"end":{"line":34,"column":4}},"34":{"start":{"line":35,"column":0},"end":{"line":35,"column":0}},"35":{"start":{"line":36,"column":0},"end":{"line":36,"column":46}},"36":{"start":{"line":37,"column":0},"end":{"line":37,"column":45}},"37":{"start":{"line":38,"column":0},"end":{"line":38,"column":3}},"38":{"start":{"line":39,"column":0},"end":{"line":39,"column":2}}},"s":{"0":0,"1":0,"2":0,"3":0,"4":0,"5":0,"6":0,"7":0,"8":0,"9":0,"10":0,"11":0,"12":0,"13":0,"14":0,"15":0,"16":0,"17":0,"18":0,"19":0,"20":0,"21":0,"22":0,"23":0,"24":0,"25":0,"26":0,"27":0,"28":0,"29":0,"30":0,"31":0,"32":0,"33":0,"34":0,"35":0,"36":0,"37":0,"38":0},"branchMap":{"0":{"type":"branch","line":1,"loc":{"start":{"line":1,"column":0},"end":{"line":39,"column":2}},"locations":[{"start":{"line":1,"column":0},"end":{"line":39,"column":2}}]}},"b":{"0":[0]},"fnMap":{"0":{"name":"(empty-report)","decl":{"start":{"line":1,"column":0},"end":{"line":39,"column":2}},"loc":{"start":{"line":1,"column":0},"end":{"line":39,"column":2}},"line":1}},"f":{"0":0}}
}
