TN:
SF:src/app.js
FN:28,_interopRequireDefault
FN:11,AppController
FN:18,middlewares
FN:22,routes
FNF:4
FNH:4
FNDA:2,_interopRequireDefault
FNDA:1,AppController
FNDA:1,middlewares
FNDA:1,routes
DA:1,1
DA:2,1
DA:3,1
DA:4,1
DA:5,1
DA:6,1
DA:7,1
DA:8,1
DA:9,1
DA:10,1
DA:11,1
DA:12,1
DA:13,1
DA:14,1
DA:15,1
DA:16,1
DA:17,1
DA:18,1
DA:19,1
DA:20,1
DA:21,1
DA:22,1
DA:23,1
DA:24,1
DA:25,1
DA:26,1
DA:27,1
DA:28,1
LF:28
LH:28
BRDA:28,0,0,1
BRDA:4,1,0,0
BRDA:28,2,0,2
BRDA:28,3,0,1
BRDA:28,4,0,1
BRDA:11,5,0,1
BRDA:18,6,0,1
BRDA:22,7,0,1
BRF:8
BRH:7
end_of_record
TN:
SF:src/routes.js
FN:21,_interopRequireDefault
FNF:1
FNH:1
FNDA:3,_interopRequireDefault
DA:1,1
DA:2,1
DA:3,1
DA:4,1
DA:5,1
DA:6,1
DA:7,1
DA:8,1
DA:9,1
DA:10,1
DA:11,1
DA:12,1
DA:13,1
DA:14,1
DA:15,1
DA:16,1
DA:17,1
DA:18,1
DA:19,1
DA:20,1
DA:21,1
LF:21
LH:21
BRDA:21,0,0,1
BRDA:21,1,0,3
BRDA:21,2,0,0
BRF:3
BRH:2
end_of_record
TN:
SF:src/server.js
FN:1,(empty-report)
FNF:1
FNH:0
FNDA:0,(empty-report)
DA:1,0
DA:2,0
DA:3,0
DA:4,0
DA:5,0
LF:5
LH:0
BRDA:1,0,0,0
BRF:1
BRH:0
end_of_record
TN:
SF:src/app/controllers/DashboardController.js
FN:2,index
FNF:1
FNH:1
FNDA:1,index
DA:1,1
DA:2,1
DA:3,1
DA:4,0
DA:5,1
DA:6,1
DA:7,1
LF:7
LH:6
BRDA:7,0,0,1
BRDA:2,1,0,1
BRDA:3,2,0,0
BRF:3
BRH:2
end_of_record
TN:
SF:src/app/controllers/SessionController.js
FN:4,store
FNF:1
FNH:1
FNDA:3,store
DA:1,1
DA:2,1
DA:3,1
DA:4,1
DA:5,3
DA:6,3
DA:7,3
DA:8,3
DA:9,3
DA:10,0
DA:11,0
DA:12,3
DA:13,3
DA:14,1
DA:15,1
DA:16,2
DA:17,3
DA:18,0
DA:19,1
DA:20,1
DA:21,1
LF:21
LH:18
BRDA:21,0,0,1
BRDA:4,1,0,3
BRDA:9,2,0,0
BRDA:13,3,0,1
BRDA:15,4,0,2
BRDA:17,5,0,0
BRF:6
BRH:4
end_of_record
TN:
SF:src/app/middleware/auth.js
FN:29,_interopRequireDefault
FN:29,_default
FNF:2
FNH:2
FNDA:1,_interopRequireDefault
FNDA:3,_default
DA:1,1
DA:2,1
DA:3,1
DA:4,1
DA:5,1
DA:6,1
DA:7,1
DA:8,1
DA:9,1
DA:10,1
DA:11,1
DA:12,2
DA:13,2
DA:14,2
DA:15,2
DA:16,2
DA:17,1
DA:18,1
DA:19,1
DA:20,1
DA:21,1
DA:22,1
DA:23,1
DA:24,1
DA:25,1
DA:26,1
DA:27,1
DA:28,1
DA:29,1
LF:29
LH:29
BRDA:29,0,0,1
BRDA:29,1,0,1
BRDA:29,2,0,0
BRDA:29,3,0,3
BRDA:9,4,0,1
BRDA:11,5,0,2
BRDA:17,6,0,1
BRDA:16,7,0,0
BRDA:26,8,0,1
BRDA:29,9,0,0
BRF:10
BRH:7
end_of_record
TN:
SF:src/app/models/User.js
FN:40,_interopRequireDefault
FN:4,module.exports
FN:15,beforeSave
FN:25,User.checkPassword
FN:33,User.generateToken
FNF:5
FNH:5
FNDA:4,_interopRequireDefault
FNDA:2,module.exports
FNDA:6,beforeSave
FNDA:3,User.checkPassword
FNDA:3,User.generateToken
DA:1,1
DA:2,1
DA:3,1
DA:4,1
DA:5,1
DA:6,1
DA:7,1
DA:8,1
DA:9,1
DA:10,1
DA:11,1
DA:12,1
DA:13,1
DA:14,1
DA:15,1
DA:16,6
DA:17,6
DA:18,6
DA:19,6
DA:20,1
DA:21,1
DA:22,1
DA:23,1
DA:24,1
DA:25,1
DA:26,3
DA:27,3
DA:28,3
DA:29,1
DA:30,1
DA:31,1
DA:32,1
DA:33,1
DA:34,3
DA:35,3
DA:36,3
DA:37,3
DA:38,1
DA:39,1
DA:40,1
LF:40
LH:40
BRDA:40,0,0,2
BRDA:40,1,0,4
BRDA:40,2,0,0
BRDA:4,3,0,2
BRDA:15,4,0,6
BRDA:25,5,0,3
BRDA:33,6,0,3
BRF:7
BRH:6
end_of_record
TN:
SF:src/app/models/index.js
FNF:0
FNH:0
DA:1,1
DA:2,1
DA:3,1
DA:4,1
DA:5,1
DA:6,1
DA:7,1
DA:8,1
DA:9,1
DA:10,1
DA:11,1
DA:12,1
DA:13,1
DA:14,1
DA:15,1
DA:16,1
DA:17,1
DA:18,1
DA:19,1
DA:20,1
DA:21,1
DA:22,1
DA:23,1
DA:24,1
DA:25,1
DA:26,1
DA:27,1
DA:28,1
DA:29,1
DA:30,1
DA:31,1
DA:32,1
DA:33,1
DA:34,1
DA:35,0
DA:36,0
DA:37,1
DA:38,1
DA:39,1
DA:40,1
DA:41,1
DA:42,1
LF:42
LH:40
BRDA:42,0,0,2
BRDA:22,1,0,2
BRDA:33,2,0,2
BRDA:34,3,0,0
BRF:4
BRH:3
end_of_record
TN:
SF:src/config/database.js
FNF:0
FNH:0
DA:1,1
DA:2,1
DA:3,1
DA:4,1
DA:5,1
DA:6,1
DA:7,1
DA:8,1
DA:9,1
DA:10,1
DA:11,1
DA:12,1
DA:13,1
DA:14,1
DA:15,1
DA:16,1
DA:17,1
DA:18,1
DA:19,1
DA:20,1
DA:21,1
DA:22,1
LF:22
LH:22
BRDA:22,0,0,2
BRDA:2,1,0,0
BRDA:10,2,0,0
BRF:3
BRH:1
end_of_record
